<?xml version="1.0" encoding="UTF-8"?>
<testng-results skipped="0" failed="0" ignored="0" total="1" passed="1">
  <reporter-output>
  </reporter-output>
  <suite name="FirstTest" duration-ms="2029" started-at="2021-06-22T17:22:38 EEST" finished-at="2021-06-22T17:22:40 EEST">
    <groups>
    </groups>
    <test name="Command line test" duration-ms="2029" started-at="2021-06-22T17:22:38 EEST" finished-at="2021-06-22T17:22:40 EEST">
      <class name="FirstTest">
        <test-method status="PASS" signature="firstTest()[pri:0, instance:FirstTest@490ab905]" name="firstTest" duration-ms="1995" started-at="2021-06-22T17:22:38 EEST" finished-at="2021-06-22T17:22:40 EEST">
          <reporter-output>
          </reporter-output>
        </test-method> <!-- firstTest -->
      </class> <!-- FirstTest -->
    </test> <!-- Command line test -->
  </suite> <!-- FirstTest -->
</testng-results>
